<?xml version="1.0" encoding="UTF-8"?>
<testng-results ignored="0" total="1" passed="1" failed="0" skipped="0">
  <reporter-output>
  </reporter-output>
  <suite started-at="2021-09-17T14:14:15 IST" name="Default suite" finished-at="2021-09-17T14:14:59 IST" duration-ms="43974">
    <groups>
    </groups>
    <test started-at="2021-09-17T14:14:15 IST" name="Default test" finished-at="2021-09-17T14:14:59 IST" duration-ms="43974">
      <class name="trello_assessment.com.testScript.AllTrelloTest">
        <test-method is-config="true" signature="setDriver()[pri:0, instance:trello_assessment.com.testScript.AllTrelloTest@2a54a73f]" started-at="2021-09-17T14:14:15 IST" name="setDriver" finished-at="2021-09-17T14:14:15 IST" duration-ms="11" status="PASS">
          <reporter-output>
          </reporter-output>
        </test-method> <!-- setDriver -->
        <test-method is-config="true" signature="openBrowser(java.lang.String)[pri:0, instance:trello_assessment.com.testScript.AllTrelloTest@2a54a73f]" started-at="2021-09-17T14:14:15 IST" name="openBrowser" finished-at="2021-09-17T14:14:25 IST" duration-ms="9692" status="PASS">
          <params>
            <param index="0">
              <value>
                <![CDATA[chrome]]>
              </value>
            </param>
          </params>
          <reporter-output>
          </reporter-output>
        </test-method> <!-- openBrowser -->
        <test-method signature="LoginTest()[pri:0, instance:trello_assessment.com.testScript.AllTrelloTest@2a54a73f]" started-at="2021-09-17T14:14:25 IST" name="LoginTest" finished-at="2021-09-17T14:14:57 IST" duration-ms="32918" status="PASS">
          <reporter-output>
          </reporter-output>
        </test-method> <!-- LoginTest -->
        <test-method is-config="true" signature="closeBrowser()[pri:0, instance:trello_assessment.com.testScript.AllTrelloTest@2a54a73f]" started-at="2021-09-17T14:14:57 IST" name="closeBrowser" finished-at="2021-09-17T14:14:59 IST" duration-ms="1311" status="PASS">
          <reporter-output>
          </reporter-output>
        </test-method> <!-- closeBrowser -->
      </class> <!-- trello_assessment.com.testScript.AllTrelloTest -->
    </test> <!-- Default test -->
  </suite> <!-- Default suite -->
</testng-results>
