<?xml version="1.0" encoding="UTF-8"?>
<testng-results ignored="0" total="6" passed="6" failed="0" skipped="0">
  <reporter-output>
  </reporter-output>
  <suite started-at="2021-09-21T12:11:52Z" name="Suite" finished-at="2021-09-21T12:19:14Z" duration-ms="441677">
    <groups>
    </groups>
    <test started-at="2021-09-21T12:11:52Z" name="ChromeTest1" finished-at="2021-09-21T12:13:05Z" duration-ms="72637">
      <class name="trello_assessment.com.testScript.AllTrelloTest">
        <test-method is-config="true" signature="openBrowser(java.lang.String)[pri:0, instance:trello_assessment.com.testScript.AllTrelloTest@1bae316d]" started-at="2021-09-21T12:11:52Z" name="openBrowser" finished-at="2021-09-21T12:12:03Z" duration-ms="10599" status="PASS">
          <params>
            <param index="0">
              <value>
                <![CDATA[chrome]]>
              </value>
            </param>
          </params>
          <reporter-output>
          </reporter-output>
        </test-method> <!-- openBrowser -->
        <test-method signature="LoginTest()[pri:0, instance:trello_assessment.com.testScript.AllTrelloTest@1bae316d]" started-at="2021-09-21T12:12:03Z" name="LoginTest" finished-at="2021-09-21T12:13:05Z" duration-ms="61823" status="PASS">
          <reporter-output>
          </reporter-output>
        </test-method> <!-- LoginTest -->
        <test-method is-config="true" signature="closeBrowser()[pri:0, instance:trello_assessment.com.testScript.AllTrelloTest@1bae316d]" started-at="2021-09-21T12:13:05Z" name="closeBrowser" finished-at="2021-09-21T12:13:05Z" duration-ms="188" status="PASS">
          <reporter-output>
          </reporter-output>
        </test-method> <!-- closeBrowser -->
      </class> <!-- trello_assessment.com.testScript.AllTrelloTest -->
    </test> <!-- ChromeTest1 -->
    <test started-at="2021-09-21T12:13:05Z" name="ChromeTest2" finished-at="2021-09-21T12:14:12Z" duration-ms="67257">
      <class name="trello_assessment.com.testScript.AllTrelloTest">
        <test-method is-config="true" signature="openBrowser(java.lang.String)[pri:0, instance:trello_assessment.com.testScript.AllTrelloTest@3eb77ea8]" started-at="2021-09-21T12:13:05Z" name="openBrowser" finished-at="2021-09-21T12:13:15Z" duration-ms="9584" status="PASS">
          <params>
            <param index="0">
              <value>
                <![CDATA[chrome]]>
              </value>
            </param>
          </params>
          <reporter-output>
          </reporter-output>
        </test-method> <!-- openBrowser -->
        <test-method signature="LoginTest()[pri:0, instance:trello_assessment.com.testScript.AllTrelloTest@3eb77ea8]" started-at="2021-09-21T12:13:15Z" name="LoginTest" finished-at="2021-09-21T12:14:12Z" duration-ms="57499" status="PASS">
          <reporter-output>
          </reporter-output>
        </test-method> <!-- LoginTest -->
        <test-method is-config="true" signature="closeBrowser()[pri:0, instance:trello_assessment.com.testScript.AllTrelloTest@3eb77ea8]" started-at="2021-09-21T12:14:12Z" name="closeBrowser" finished-at="2021-09-21T12:14:12Z" duration-ms="167" status="PASS">
          <reporter-output>
          </reporter-output>
        </test-method> <!-- closeBrowser -->
      </class> <!-- trello_assessment.com.testScript.AllTrelloTest -->
    </test> <!-- ChromeTest2 -->
    <test started-at="2021-09-21T12:14:12Z" name="ChromeTest3" finished-at="2021-09-21T12:15:20Z" duration-ms="67841">
      <class name="trello_assessment.com.testScript.AllTrelloTest">
        <test-method is-config="true" signature="openBrowser(java.lang.String)[pri:0, instance:trello_assessment.com.testScript.AllTrelloTest@2141a12]" started-at="2021-09-21T12:14:12Z" name="openBrowser" finished-at="2021-09-21T12:14:22Z" duration-ms="9276" status="PASS">
          <params>
            <param index="0">
              <value>
                <![CDATA[chrome]]>
              </value>
            </param>
          </params>
          <reporter-output>
          </reporter-output>
        </test-method> <!-- openBrowser -->
        <test-method signature="LoginTest()[pri:0, instance:trello_assessment.com.testScript.AllTrelloTest@2141a12]" started-at="2021-09-21T12:14:22Z" name="LoginTest" finished-at="2021-09-21T12:15:20Z" duration-ms="58389" status="PASS">
          <reporter-output>
          </reporter-output>
        </test-method> <!-- LoginTest -->
        <test-method is-config="true" signature="closeBrowser()[pri:0, instance:trello_assessment.com.testScript.AllTrelloTest@2141a12]" started-at="2021-09-21T12:15:20Z" name="closeBrowser" finished-at="2021-09-21T12:15:20Z" duration-ms="171" status="PASS">
          <reporter-output>
          </reporter-output>
        </test-method> <!-- closeBrowser -->
      </class> <!-- trello_assessment.com.testScript.AllTrelloTest -->
    </test> <!-- ChromeTest3 -->
    <test started-at="2021-09-21T12:15:20Z" name="FirefoxTest1" finished-at="2021-09-21T12:16:38Z" duration-ms="77399">
      <class name="trello_assessment.com.testScript.AllTrelloTest">
        <test-method is-config="true" signature="openBrowser(java.lang.String)[pri:0, instance:trello_assessment.com.testScript.AllTrelloTest@6d07a63d]" started-at="2021-09-21T12:15:20Z" name="openBrowser" finished-at="2021-09-21T12:15:35Z" duration-ms="14663" status="PASS">
          <params>
            <param index="0">
              <value>
                <![CDATA[Firefox]]>
              </value>
            </param>
          </params>
          <reporter-output>
          </reporter-output>
        </test-method> <!-- openBrowser -->
        <test-method signature="LoginTest()[pri:0, instance:trello_assessment.com.testScript.AllTrelloTest@6d07a63d]" started-at="2021-09-21T12:15:35Z" name="LoginTest" finished-at="2021-09-21T12:16:36Z" duration-ms="60789" status="PASS">
          <reporter-output>
          </reporter-output>
        </test-method> <!-- LoginTest -->
        <test-method is-config="true" signature="closeBrowser()[pri:0, instance:trello_assessment.com.testScript.AllTrelloTest@6d07a63d]" started-at="2021-09-21T12:16:36Z" name="closeBrowser" finished-at="2021-09-21T12:16:38Z" duration-ms="1935" status="PASS">
          <reporter-output>
          </reporter-output>
        </test-method> <!-- closeBrowser -->
      </class> <!-- trello_assessment.com.testScript.AllTrelloTest -->
    </test> <!-- FirefoxTest1 -->
    <test started-at="2021-09-21T12:16:38Z" name="FirefoxTest2" finished-at="2021-09-21T12:17:53Z" duration-ms="75490">
      <class name="trello_assessment.com.testScript.AllTrelloTest">
        <test-method is-config="true" signature="openBrowser(java.lang.String)[pri:0, instance:trello_assessment.com.testScript.AllTrelloTest@25f4878b]" started-at="2021-09-21T12:16:38Z" name="openBrowser" finished-at="2021-09-21T12:16:52Z" duration-ms="14263" status="PASS">
          <params>
            <param index="0">
              <value>
                <![CDATA[Firefox]]>
              </value>
            </param>
          </params>
          <reporter-output>
          </reporter-output>
        </test-method> <!-- openBrowser -->
        <test-method signature="LoginTest()[pri:0, instance:trello_assessment.com.testScript.AllTrelloTest@25f4878b]" started-at="2021-09-21T12:16:52Z" name="LoginTest" finished-at="2021-09-21T12:17:51Z" duration-ms="58968" status="PASS">
          <reporter-output>
          </reporter-output>
        </test-method> <!-- LoginTest -->
        <test-method is-config="true" signature="closeBrowser()[pri:0, instance:trello_assessment.com.testScript.AllTrelloTest@25f4878b]" started-at="2021-09-21T12:17:51Z" name="closeBrowser" finished-at="2021-09-21T12:17:53Z" duration-ms="2255" status="PASS">
          <reporter-output>
          </reporter-output>
        </test-method> <!-- closeBrowser -->
      </class> <!-- trello_assessment.com.testScript.AllTrelloTest -->
    </test> <!-- FirefoxTest2 -->
    <test started-at="2021-09-21T12:17:53Z" name="FirefoxTest3" finished-at="2021-09-21T12:19:14Z" duration-ms="80935">
      <class name="trello_assessment.com.testScript.AllTrelloTest">
        <test-method is-config="true" signature="setDriver()[pri:0, instance:trello_assessment.com.testScript.AllTrelloTest@436c81a3]" started-at="2021-09-21T12:11:52Z" name="setDriver" finished-at="2021-09-21T12:11:52Z" duration-ms="10" status="PASS">
          <reporter-output>
          </reporter-output>
        </test-method> <!-- setDriver -->
        <test-method is-config="true" signature="openBrowser(java.lang.String)[pri:0, instance:trello_assessment.com.testScript.AllTrelloTest@436c81a3]" started-at="2021-09-21T12:17:53Z" name="openBrowser" finished-at="2021-09-21T12:18:08Z" duration-ms="15117" status="PASS">
          <params>
            <param index="0">
              <value>
                <![CDATA[Firefox]]>
              </value>
            </param>
          </params>
          <reporter-output>
          </reporter-output>
        </test-method> <!-- openBrowser -->
        <test-method signature="LoginTest()[pri:0, instance:trello_assessment.com.testScript.AllTrelloTest@436c81a3]" started-at="2021-09-21T12:18:08Z" name="LoginTest" finished-at="2021-09-21T12:19:12Z" duration-ms="63884" status="PASS">
          <reporter-output>
          </reporter-output>
        </test-method> <!-- LoginTest -->
        <test-method is-config="true" signature="closeBrowser()[pri:0, instance:trello_assessment.com.testScript.AllTrelloTest@436c81a3]" started-at="2021-09-21T12:19:12Z" name="closeBrowser" finished-at="2021-09-21T12:19:14Z" duration-ms="1930" status="PASS">
          <reporter-output>
          </reporter-output>
        </test-method> <!-- closeBrowser -->
      </class> <!-- trello_assessment.com.testScript.AllTrelloTest -->
    </test> <!-- FirefoxTest3 -->
  </suite> <!-- Suite -->
</testng-results>
